INFO: 2025/07/04 18:19:55 main.go:54: Trying kubeconfig from KUBE_CONFIG_PATH: /root/.kube/config
INFO: 2025/07/04 18:19:55 main.go:61: Failed to load kubeconfig from /root/.kube/config: error loading config file "/root/.kube/config": read /root/.kube/config: is a directory
INFO: 2025/07/04 18:19:55 main.go:136: Starting server on :8000
INFO: 2025/07/04 18:22:12 main.go:54: Trying kubeconfig from KUBE_CONFIG_PATH: /root/.kube/config
INFO: 2025/07/04 18:22:12 main.go:61: Failed to load kubeconfig from /root/.kube/config: error loading config file "/root/.kube/config": read /root/.kube/config: is a directory
INFO: 2025/07/04 18:22:12 main.go:136: Starting server on :8000
INFO: 2025/07/04 18:28:48 main.go:54: Trying kubeconfig from KUBE_CONFIG_PATH: /root/.kube/config
INFO: 2025/07/04 18:28:48 main.go:61: Failed to load kubeconfig from /root/.kube/config: error loading config file "/root/.kube/config": read /root/.kube/config: is a directory
INFO: 2025/07/04 18:28:48 main.go:136: Starting server on :8000
INFO: 2025/07/04 20:42:19 main.go:53: Trying kubeconfig from KUBE_CONFIG_PATH: /root/.kube/config
INFO: 2025/07/04 20:42:19 main.go:60: Failed to load kubeconfig from /root/.kube/config: error loading config file "/root/.kube/config": read /root/.kube/config: is a directory
INFO: 2025/07/04 20:42:19 main.go:140: Starting server on :8000
INFO: 2025/07/04 22:13:10 main.go:52: Trying kubeconfig from KUBE_CONFIG_PATH: /root/.kube/config
INFO: 2025/07/04 22:13:10 main.go:75: Kubernetes client initialized from /root/.kube/config
INFO: 2025/07/04 22:13:10 main.go:154: Starting server on :8000
INFO: 2025/07/04 22:13:28 handlers.go:98: Error getting Akri instances: Get "https://127.0.0.1:6443/apis/akri.sh/v0/namespaces/default/instances": dial tcp 127.0.0.1:6443: connect: connection refused
INFO: 2025/07/04 22:13:35 handlers.go:98: Error getting Akri instances: Get "https://127.0.0.1:6443/apis/akri.sh/v0/namespaces/default/instances": dial tcp 127.0.0.1:6443: connect: connection refused
INFO: 2025/07/04 22:13:36 handlers.go:98: Error getting Akri instances: Get "https://127.0.0.1:6443/apis/akri.sh/v0/namespaces/default/instances": dial tcp 127.0.0.1:6443: connect: connection refused
INFO: 2025/07/05 11:24:22 main.go:65: Trying kubeconfig from KUBE_CONFIG_PATH: /root/.kube/config
INFO: 2025/07/05 11:24:22 main.go:78: Kubeconfig path is a directory: /root/.kube/config
INFO: 2025/07/05 11:24:22 main.go:102: Falling back to in-cluster config
INFO: 2025/07/05 11:24:22 main.go:105: In-cluster config failed: unable to load in-cluster configuration, KUBERNETES_SERVICE_HOST and KUBERNETES_SERVICE_PORT must be defined, falling back to nil client
INFO: 2025/07/05 11:24:22 main.go:143: Starting server on :8000
INFO: 2025/07/05 11:31:46 main.go:65: Trying kubeconfig from KUBE_CONFIG_PATH: /root/.kube/config
INFO: 2025/07/05 11:31:46 main.go:86: Using KUBERNETES_API_SERVER: https://host.docker.internal:6443
INFO: 2025/07/05 11:31:46 main.go:101: Kubernetes client initialized from /root/.kube/config with API server https://host.docker.internal:6443
INFO: 2025/07/05 11:31:46 main.go:149: Starting server on :8000
INFO: 2025/07/05 11:32:16 handlers.go:98: Error getting Akri instances: Get "https://host.docker.internal:6443/apis/akri.sh/v0/namespaces/default/instances": tls: failed to verify certificate: x509: certificate is valid for akri00, kubernetes, kubernetes.default, kubernetes.default.svc, kubernetes.default.svc.cluster.local, localhost, not host.docker.internal
INFO: 2025/07/05 11:32:16 handlers.go:98: Error getting Akri instances: Get "https://host.docker.internal:6443/apis/akri.sh/v0/namespaces/default/instances": tls: failed to verify certificate: x509: certificate is valid for akri00, kubernetes, kubernetes.default, kubernetes.default.svc, kubernetes.default.svc.cluster.local, localhost, not host.docker.internal
INFO: 2025/07/05 11:32:26 handlers.go:98: Error getting Akri instances: Get "https://host.docker.internal:6443/apis/akri.sh/v0/namespaces/default/instances": tls: failed to verify certificate: x509: certificate is valid for akri00, kubernetes, kubernetes.default, kubernetes.default.svc, kubernetes.default.svc.cluster.local, localhost, not host.docker.internal
INFO: 2025/07/05 11:32:26 handlers.go:98: Error getting Akri instances: Get "https://host.docker.internal:6443/apis/akri.sh/v0/namespaces/default/instances": tls: failed to verify certificate: x509: certificate is valid for akri00, kubernetes, kubernetes.default, kubernetes.default.svc, kubernetes.default.svc.cluster.local, localhost, not host.docker.internal
INFO: 2025/07/05 11:36:18 main.go:65: Trying kubeconfig from KUBE_CONFIG_PATH: /etc/rancher/k3s/k3s.yaml
INFO: 2025/07/05 11:36:18 main.go:72: Kubeconfig file does not exist: /etc/rancher/k3s/k3s.yaml
INFO: 2025/07/05 11:36:18 main.go:108: Falling back to in-cluster config
INFO: 2025/07/05 11:36:18 main.go:111: In-cluster config failed: unable to load in-cluster configuration, KUBERNETES_SERVICE_HOST and KUBERNETES_SERVICE_PORT must be defined, falling back to nil client
INFO: 2025/07/05 11:36:18 main.go:149: Starting server on :8000
INFO: 2025/07/05 16:25:29 main.go:65: Trying kubeconfig from KUBE_CONFIG_PATH: /etc/rancher/k3s/k3s.yaml
INFO: 2025/07/05 16:25:29 main.go:72: Kubeconfig file does not exist: /etc/rancher/k3s/k3s.yaml
INFO: 2025/07/05 16:25:29 main.go:108: Falling back to in-cluster config
INFO: 2025/07/05 16:25:29 main.go:111: In-cluster config failed: unable to load in-cluster configuration, KUBERNETES_SERVICE_HOST and KUBERNETES_SERVICE_PORT must be defined, falling back to nil client
INFO: 2025/07/05 16:25:29 main.go:149: Starting server on :8000
INFO: 2025/07/05 16:28:52 main.go:65: Trying kubeconfig from KUBE_CONFIG_PATH: /etc/rancher/k3s/k3s.yaml
INFO: 2025/07/05 16:28:52 main.go:72: Kubeconfig file does not exist: /etc/rancher/k3s/k3s.yaml
INFO: 2025/07/05 16:28:52 main.go:108: Falling back to in-cluster config
INFO: 2025/07/05 16:28:52 main.go:111: In-cluster config failed: unable to load in-cluster configuration, KUBERNETES_SERVICE_HOST and KUBERNETES_SERVICE_PORT must be defined, falling back to nil client
INFO: 2025/07/05 16:28:52 main.go:149: Starting server on :8000
INFO: 2025/07/05 16:31:15 main.go:65: Trying kubeconfig from KUBE_CONFIG_PATH: /etc/rancher/k3s/k3s.yaml
INFO: 2025/07/05 16:31:15 main.go:86: Using KUBERNETES_API_SERVER: https://host.docker.internal:6443
INFO: 2025/07/05 16:31:15 main.go:101: Kubernetes client initialized from /etc/rancher/k3s/k3s.yaml with API server https://host.docker.internal:6443
INFO: 2025/07/05 16:31:15 main.go:149: Starting server on :8000
INFO: 2025/07/05 16:31:41 handlers.go:98: Error getting Akri instances: Get "https://host.docker.internal:6443/apis/akri.sh/v0/namespaces/default/instances": tls: failed to verify certificate: x509: certificate is valid for akri00, kubernetes, kubernetes.default, kubernetes.default.svc, kubernetes.default.svc.cluster.local, localhost, not host.docker.internal
INFO: 2025/07/05 16:31:46 handlers.go:98: Error getting Akri instances: Get "https://host.docker.internal:6443/apis/akri.sh/v0/namespaces/default/instances": tls: failed to verify certificate: x509: certificate is valid for akri00, kubernetes, kubernetes.default, kubernetes.default.svc, kubernetes.default.svc.cluster.local, localhost, not host.docker.internal
INFO: 2025/07/05 16:31:46 handlers.go:98: Error getting Akri instances: Get "https://host.docker.internal:6443/apis/akri.sh/v0/namespaces/default/instances": tls: failed to verify certificate: x509: certificate is valid for akri00, kubernetes, kubernetes.default, kubernetes.default.svc, kubernetes.default.svc.cluster.local, localhost, not host.docker.internal
INFO: 2025/07/05 16:34:33 main.go:65: Trying kubeconfig from KUBE_CONFIG_PATH: /etc/rancher/k3s/k3s.yaml
INFO: 2025/07/05 16:34:33 main.go:86: Using KUBERNETES_API_SERVER: https://host.docker.internal:6443
INFO: 2025/07/05 16:34:33 main.go:101: Kubernetes client initialized from /etc/rancher/k3s/k3s.yaml with API server https://host.docker.internal:6443
INFO: 2025/07/05 16:34:33 main.go:149: Starting server on :8000
INFO: 2025/07/05 16:34:48 handlers.go:98: Error getting Akri instances: Get "https://host.docker.internal:6443/apis/akri.sh/v0/namespaces/default/instances": tls: failed to verify certificate: x509: certificate is valid for akri00, kubernetes, kubernetes.default, kubernetes.default.svc, kubernetes.default.svc.cluster.local, localhost, not host.docker.internal
INFO: 2025/07/05 16:34:54 handlers.go:98: Error getting Akri instances: Get "https://host.docker.internal:6443/apis/akri.sh/v0/namespaces/default/instances": tls: failed to verify certificate: x509: certificate is valid for akri00, kubernetes, kubernetes.default, kubernetes.default.svc, kubernetes.default.svc.cluster.local, localhost, not host.docker.internal
INFO: 2025/07/05 16:34:54 handlers.go:98: Error getting Akri instances: Get "https://host.docker.internal:6443/apis/akri.sh/v0/namespaces/default/instances": tls: failed to verify certificate: x509: certificate is valid for akri00, kubernetes, kubernetes.default, kubernetes.default.svc, kubernetes.default.svc.cluster.local, localhost, not host.docker.internal
INFO: 2025/07/06 10:55:26 main.go:66: Trying kubeconfig from KUBE_CONFIG_PATH: /etc/rancher/k3s/k3s.yaml
INFO: 2025/07/06 10:55:26 main.go:87: Using KUBERNETES_API_SERVER: https://host.docker.internal:6443
INFO: 2025/07/06 10:55:26 main.go:97: Skipping TLS verification for Kubernetes API
INFO: 2025/07/06 10:55:26 main.go:103: Failed to create Kubernetes client from /etc/rancher/k3s/k3s.yaml: specifying a root certificates file with the insecure flag is not allowed
INFO: 2025/07/06 10:55:26 main.go:113: Falling back to in-cluster config
INFO: 2025/07/06 10:55:26 main.go:116: In-cluster config failed: unable to load in-cluster configuration, KUBERNETES_SERVICE_HOST and KUBERNETES_SERVICE_PORT must be defined, falling back to nil client
INFO: 2025/07/06 10:55:26 main.go:161: Starting server on :8000
INFO: 2025/07/06 10:55:41 kubernetes.go:27: Kubernetes client is nil, returning empty instance list
INFO: 2025/07/06 10:55:41 handlers.go:98: Error getting Akri instances: Kubernetes client not initialized
INFO: 2025/07/06 10:55:41 kubernetes.go:27: Kubernetes client is nil, returning empty instance list
INFO: 2025/07/06 10:55:41 handlers.go:98: Error getting Akri instances: Kubernetes client not initialized
INFO: 2025/07/06 10:55:46 kubernetes.go:27: Kubernetes client is nil, returning empty instance list
INFO: 2025/07/06 10:55:46 handlers.go:98: Error getting Akri instances: Kubernetes client not initialized
INFO: 2025/07/06 10:55:46 kubernetes.go:27: Kubernetes client is nil, returning empty instance list
INFO: 2025/07/06 10:55:46 handlers.go:98: Error getting Akri instances: Kubernetes client not initialized
INFO: 2025/07/06 11:56:13 main.go:66: Trying kubeconfig from KUBE_CONFIG_PATH: /etc/rancher/k3s/k3s.yaml
INFO: 2025/07/06 11:56:13 main.go:74: Loading kubeconfig from /etc/rancher/k3s/k3s.yaml
INFO: 2025/07/06 11:56:13 main.go:86: Overriding Kubernetes API server to: https://host.docker.internal:6443
INFO: 2025/07/06 11:56:13 main.go:98: Skipping TLS verification for Kubernetes API
INFO: 2025/07/06 11:56:13 main.go:108: Kubernetes client initialized successfully
INFO: 2025/07/06 11:56:13 main.go:159: Starting server on :8000
INFO: 2025/07/06 11:58:08 main.go:66: Trying kubeconfig from KUBE_CONFIG_PATH: /etc/rancher/k3s/k3s.yaml
INFO: 2025/07/06 11:58:08 main.go:74: Loading kubeconfig from /etc/rancher/k3s/k3s.yaml
INFO: 2025/07/06 11:58:08 main.go:86: Overriding Kubernetes API server to: https://host.docker.internal:6443
INFO: 2025/07/06 11:58:08 main.go:98: Skipping TLS verification for Kubernetes API
INFO: 2025/07/06 11:58:08 main.go:108: Kubernetes client initialized successfully
INFO: 2025/07/06 11:58:08 main.go:159: Starting server on :8000
INFO: 2025/07/06 11:58:18 kubernetes.go:83: Retrieved 1 Akri instances
INFO: 2025/07/06 11:58:18 kubernetes.go:83: Retrieved 1 Akri instances
INFO: 2025/07/06 11:58:32 kubernetes.go:83: Retrieved 1 Akri instances
INFO: 2025/07/06 11:58:32 kubernetes.go:83: Retrieved 1 Akri instances
INFO: 2025/07/06 11:58:57 kubernetes.go:146: Created/Updated FlashJob for UUIDs: [94b49f40-ab16-4546-bfe3-3b5bf8333dde]
INFO: 2025/07/06 11:58:58 handlers.go:84: Error binding log entry: code=400, message=Unmarshal type error: expected=int64, got=number 1751803137.071, field=timestamp, offset=27, internal=json: cannot unmarshal number 1751803137.071 into Go struct field LogEntry.timestamp of type int64
INFO: 2025/07/06 11:58:58 handlers.go:84: Error binding log entry: code=400, message=Unmarshal type error: expected=int64, got=number 1751803137.145, field=timestamp, offset=27, internal=json: cannot unmarshal number 1751803137.145 into Go struct field LogEntry.timestamp of type int64
INFO: 2025/07/06 14:41:23 main.go:66: Trying kubeconfig from KUBE_CONFIG_PATH: /etc/rancher/k3s/k3s.yaml
INFO: 2025/07/06 14:41:23 main.go:74: Loading kubeconfig from /etc/rancher/k3s/k3s.yaml
INFO: 2025/07/06 14:41:23 main.go:86: Overriding Kubernetes API server to: https://host.docker.internal:6443
INFO: 2025/07/06 14:41:23 main.go:98: Skipping TLS verification for Kubernetes API
INFO: 2025/07/06 14:41:23 main.go:108: Kubernetes client initialized successfully
INFO: 2025/07/06 14:41:23 main.go:159: Starting server on :8000
INFO: 2025/07/06 14:42:21 kubernetes.go:83: Retrieved 1 Akri instances
INFO: 2025/07/06 14:42:21 kubernetes.go:83: Retrieved 1 Akri instances
INFO: 2025/07/06 14:42:27 kubernetes.go:83: Retrieved 1 Akri instances
INFO: 2025/07/06 14:42:27 kubernetes.go:83: Retrieved 1 Akri instances
INFO: 2025/07/06 14:42:35 kubernetes.go:146: Created/Updated FlashJob for UUIDs: [94b49f40-ab16-4546-bfe3-3b5bf8333dde]
INFO: 2025/07/06 14:42:35 handlers.go:96: Log added: Rollout Success: [{"message":"FlashJob created successfully"}] (success)
INFO: 2025/07/06 14:42:41 kubernetes.go:83: Retrieved 1 Akri instances
INFO: 2025/07/06 14:42:52 kubernetes.go:83: Retrieved 1 Akri instances
INFO: 2025/07/06 14:49:59 main.go:66: Trying kubeconfig from KUBE_CONFIG_PATH: /etc/rancher/k3s/k3s.yaml
INFO: 2025/07/06 14:49:59 main.go:74: Loading kubeconfig from /etc/rancher/k3s/k3s.yaml
INFO: 2025/07/06 14:49:59 main.go:86: Overriding Kubernetes API server to: https://host.docker.internal:6443
INFO: 2025/07/06 14:49:59 main.go:98: Skipping TLS verification for Kubernetes API
INFO: 2025/07/06 14:49:59 main.go:108: Kubernetes client initialized successfully
INFO: 2025/07/06 14:49:59 main.go:159: Starting server on :8000
INFO: 2025/07/06 14:50:13 kubernetes.go:83: Retrieved 1 Akri instances
INFO: 2025/07/06 14:50:13 kubernetes.go:83: Retrieved 1 Akri instances
INFO: 2025/07/06 14:50:17 kubernetes.go:83: Retrieved 1 Akri instances
INFO: 2025/07/06 14:50:17 kubernetes.go:83: Retrieved 1 Akri instances
INFO: 2025/07/06 14:50:38 kubernetes.go:146: Created/Updated FlashJob for UUIDs: [94b49f40-ab16-4546-bfe3-3b5bf8333dde]
INFO: 2025/07/06 14:50:38 handlers.go:96: Log added: Rollout Success: [{"message":"FlashJob created successfully"}] (success)
INFO: 2025/07/06 14:54:36 kubernetes.go:83: Retrieved 1 Akri instances
INFO: 2025/07/06 14:54:37 kubernetes.go:83: Retrieved 1 Akri instances
INFO: 2025/07/06 15:09:57 main.go:66: Trying kubeconfig from KUBE_CONFIG_PATH: /etc/rancher/k3s/k3s.yaml
INFO: 2025/07/06 15:09:57 main.go:74: Loading kubeconfig from /etc/rancher/k3s/k3s.yaml
INFO: 2025/07/06 15:09:57 main.go:86: Overriding Kubernetes API server to: https://host.docker.internal:6443
INFO: 2025/07/06 15:09:57 main.go:98: Skipping TLS verification for Kubernetes API
INFO: 2025/07/06 15:09:57 main.go:108: Kubernetes client initialized successfully
INFO: 2025/07/06 15:09:57 main.go:159: Starting server on :8000
INFO: 2025/07/06 15:12:27 kubernetes.go:83: Retrieved 1 Akri instances
INFO: 2025/07/06 15:12:29 kubernetes.go:83: Retrieved 1 Akri instances
INFO: 2025/07/06 15:12:29 kubernetes.go:83: Retrieved 1 Akri instances
INFO: 2025/07/06 15:12:40 kubernetes.go:83: Retrieved 1 Akri instances
INFO: 2025/07/06 15:12:40 kubernetes.go:83: Retrieved 1 Akri instances
INFO: 2025/07/06 15:13:08 handlers.go:198: Saved YAML file to /app/flashjobs/flashjob-94b49f40.yaml
INFO: 2025/07/06 15:13:08 kubernetes.go:138: Failed to create FlashJob: flashjobs.application.flashjob.nbfc.io "flashjob-94b49f40" already exists
INFO: 2025/07/06 15:13:08 kubernetes.go:142: Failed to update FlashJob: flashjobs.application.flashjob.nbfc.io "flashjob-94b49f40" is invalid: metadata.resourceVersion: Invalid value: 0x0: must be specified for an update
INFO: 2025/07/06 15:13:08 handlers.go:203: Error creating FlashJob: flashjobs.application.flashjob.nbfc.io "flashjob-94b49f40" is invalid: metadata.resourceVersion: Invalid value: 0x0: must be specified for an update
INFO: 2025/07/06 15:13:08 handlers.go:99: Log added: Error: Request failed with status code 500 (error)
INFO: 2025/07/06 15:19:27 handlers.go:198: Saved YAML file to /app/flashjobs/flashjob-94b49f40.yaml
INFO: 2025/07/06 15:19:28 kubernetes.go:138: Failed to create FlashJob: flashjobs.application.flashjob.nbfc.io "flashjob-94b49f40" already exists
INFO: 2025/07/06 15:19:28 kubernetes.go:142: Failed to update FlashJob: flashjobs.application.flashjob.nbfc.io "flashjob-94b49f40" is invalid: metadata.resourceVersion: Invalid value: 0x0: must be specified for an update
INFO: 2025/07/06 15:19:28 handlers.go:203: Error creating FlashJob: flashjobs.application.flashjob.nbfc.io "flashjob-94b49f40" is invalid: metadata.resourceVersion: Invalid value: 0x0: must be specified for an update
INFO: 2025/07/06 15:19:28 handlers.go:99: Log added: Error: Request failed with status code 500 (error)
INFO: 2025/07/06 15:19:59 kubernetes.go:83: Retrieved 1 Akri instances
INFO: 2025/07/06 15:19:59 kubernetes.go:83: Retrieved 1 Akri instances
INFO: 2025/07/06 15:20:05 kubernetes.go:83: Retrieved 1 Akri instances
INFO: 2025/07/06 15:20:05 kubernetes.go:83: Retrieved 1 Akri instances
INFO: 2025/07/06 15:20:12 handlers.go:198: Saved YAML file to /app/flashjobs/flashjob-94b49f40.yaml
INFO: 2025/07/06 15:20:12 kubernetes.go:138: Failed to create FlashJob: flashjobs.application.flashjob.nbfc.io "flashjob-94b49f40" already exists
INFO: 2025/07/06 15:20:12 kubernetes.go:142: Failed to update FlashJob: flashjobs.application.flashjob.nbfc.io "flashjob-94b49f40" is invalid: metadata.resourceVersion: Invalid value: 0x0: must be specified for an update
INFO: 2025/07/06 15:20:12 handlers.go:203: Error creating FlashJob: flashjobs.application.flashjob.nbfc.io "flashjob-94b49f40" is invalid: metadata.resourceVersion: Invalid value: 0x0: must be specified for an update
INFO: 2025/07/06 15:20:12 handlers.go:99: Log added: Error: Request failed with status code 500 (error)
INFO: 2025/07/06 15:22:57 kubernetes.go:83: Retrieved 1 Akri instances
INFO: 2025/07/06 15:22:57 kubernetes.go:83: Retrieved 1 Akri instances
INFO: 2025/07/06 15:23:02 kubernetes.go:83: Retrieved 1 Akri instances
INFO: 2025/07/06 15:23:02 kubernetes.go:83: Retrieved 1 Akri instances
INFO: 2025/07/06 15:23:11 handlers.go:198: Saved YAML file to /app/flashjobs/flashjob-94b49f40.yaml
INFO: 2025/07/06 15:23:11 kubernetes.go:138: Failed to create FlashJob: flashjobs.application.flashjob.nbfc.io "flashjob-94b49f40" already exists
INFO: 2025/07/06 15:23:11 kubernetes.go:142: Failed to update FlashJob: flashjobs.application.flashjob.nbfc.io "flashjob-94b49f40" is invalid: metadata.resourceVersion: Invalid value: 0x0: must be specified for an update
INFO: 2025/07/06 15:23:11 handlers.go:203: Error creating FlashJob: flashjobs.application.flashjob.nbfc.io "flashjob-94b49f40" is invalid: metadata.resourceVersion: Invalid value: 0x0: must be specified for an update
INFO: 2025/07/06 15:23:11 handlers.go:99: Log added: Error: Request failed with status code 500 (error)
INFO: 2025/07/06 15:24:23 handlers.go:198: Saved YAML file to /app/flashjobs/flashjob-94b49f40.yaml
INFO: 2025/07/06 15:24:23 kubernetes.go:146: Created/Updated FlashJob for UUIDs: [94b49f40-ab16-4546-bfe3-3b5bf8333dde]
INFO: 2025/07/06 15:24:23 handlers.go:99: Log added: Rollout Success: [{"message":"FlashJob created successfully","yaml_file":"/app/flashjobs/flashjob-94b49f40.yaml"}] (success)
INFO: 2025/07/06 15:42:17 main.go:66: Trying kubeconfig from KUBE_CONFIG_PATH: /etc/rancher/k3s/k3s.yaml
INFO: 2025/07/06 15:42:17 main.go:74: Loading kubeconfig from /etc/rancher/k3s/k3s.yaml
INFO: 2025/07/06 15:42:17 main.go:86: Overriding Kubernetes API server to: https://host.docker.internal:6443
INFO: 2025/07/06 15:42:17 main.go:98: Skipping TLS verification for Kubernetes API
INFO: 2025/07/06 15:42:17 main.go:108: Kubernetes client initialized successfully
INFO: 2025/07/06 15:42:17 main.go:159: Starting server on :8000
INFO: 2025/07/06 15:43:01 kubernetes.go:83: Retrieved 1 Akri instances
INFO: 2025/07/06 15:43:01 kubernetes.go:83: Retrieved 1 Akri instances
INFO: 2025/07/06 15:43:06 kubernetes.go:83: Retrieved 1 Akri instances
INFO: 2025/07/06 15:43:07 kubernetes.go:83: Retrieved 1 Akri instances
INFO: 2025/07/06 15:43:14 handlers.go:200: Saved YAML file to /app/flashjobs/flashjob-94b49f40.yaml
INFO: 2025/07/06 15:43:14 kubernetes.go:138: Failed to create FlashJob: flashjobs.application.flashjob.nbfc.io "flashjob-94b49f40" already exists
INFO: 2025/07/06 15:43:14 kubernetes.go:142: Failed to update FlashJob: flashjobs.application.flashjob.nbfc.io "flashjob-94b49f40" is invalid: metadata.resourceVersion: Invalid value: 0x0: must be specified for an update
INFO: 2025/07/06 15:43:14 handlers.go:205: Error creating FlashJob: flashjobs.application.flashjob.nbfc.io "flashjob-94b49f40" is invalid: metadata.resourceVersion: Invalid value: 0x0: must be specified for an update
INFO: 2025/07/06 15:43:14 handlers.go:99: Log added: Error: Request failed with status code 500 (error)
INFO: 2025/07/06 15:43:29 handlers.go:200: Saved YAML file to /app/flashjobs/flashjob-94b49f40.yaml
INFO: 2025/07/06 15:43:29 kubernetes.go:146: Created/Updated FlashJob for UUIDs: [94b49f40-ab16-4546-bfe3-3b5bf8333dde]
INFO: 2025/07/06 15:43:29 handlers.go:99: Log added: Rollout Success: {"message":"FlashJob created successfully","yaml_content":"apiVersion: application.flashjob.nbfc.io/v1alpha1\nkind: FlashJob\nmetadata:\n    name: flashjob-94b49f40\n    namespace: default\nspec:\n    applicationType: null\n    device: null\n    externalIP: null\n    firmware: 'harbor.nbfc.io/nubificus/esp32-psram_resnet:0.1.2ESP32_KEY3 '\n    flashjobPodImage: harbor.nbfc.io/nubificus/iot/esp32-flashjob:local3\n    hostEndpoint: null\n    uuid:\n        - 94b49f40-ab16-4546-bfe3-3b5bf8333dde\n    version: 0.2.0\n","yaml_file":"/app/flashjobs/flashjob-94b49f40.yaml"} (success)
INFO: 2025/07/06 15:52:48 main.go:66: Trying kubeconfig from KUBE_CONFIG_PATH: /etc/rancher/k3s/k3s.yaml
INFO: 2025/07/06 15:52:48 main.go:74: Loading kubeconfig from /etc/rancher/k3s/k3s.yaml
INFO: 2025/07/06 15:52:48 main.go:86: Overriding Kubernetes API server to: https://host.docker.internal:6443
INFO: 2025/07/06 15:52:48 main.go:98: Skipping TLS verification for Kubernetes API
INFO: 2025/07/06 15:52:48 main.go:108: Kubernetes client initialized successfully
INFO: 2025/07/06 15:52:48 main.go:159: Starting server on :8000
INFO: 2025/07/06 15:52:59 kubernetes.go:83: Retrieved 1 Akri instances
INFO: 2025/07/06 15:52:59 kubernetes.go:83: Retrieved 1 Akri instances
INFO: 2025/07/06 15:53:04 kubernetes.go:83: Retrieved 1 Akri instances
INFO: 2025/07/06 15:53:04 kubernetes.go:83: Retrieved 1 Akri instances
INFO: 2025/07/06 15:53:20 handlers.go:200: Saved YAML file to /app/flashjobs/flashjob-94b49f40.yaml
INFO: 2025/07/06 15:53:20 kubernetes.go:146: Created/Updated FlashJob for UUIDs: [94b49f40-ab16-4546-bfe3-3b5bf8333dde]
INFO: 2025/07/06 15:53:20 handlers.go:99: Log added: Rollout Success: {"message":"FlashJob created successfully","yaml_content":"apiVersion: application.flashjob.nbfc.io/v1alpha1\nkind: FlashJob\nmetadata:\n    name: flashjob-94b49f40\n    namespace: default\nspec:\n    applicationType: null\n    device: null\n    externalIP: null\n    firmware: 'harbor.nbfc.io/nubificus/esp32-psram_resnet:0.1.2ESP32_KEY3 '\n    flashjobPodImage: harbor.nbfc.io/nubificus/iot/esp32-flashjob:local1\n    hostEndpoint: null\n    uuid:\n        - 94b49f40-ab16-4546-bfe3-3b5bf8333dde\n    version: 0.2.0\n","yaml_file":"/app/flashjobs/flashjob-94b49f40.yaml"} (success)
INFO: 2025/07/06 15:54:38 kubernetes.go:83: Retrieved 1 Akri instances
INFO: 2025/07/06 15:54:38 kubernetes.go:83: Retrieved 1 Akri instances
INFO: 2025/07/06 15:54:40 kubernetes.go:83: Retrieved 1 Akri instances
INFO: 2025/07/06 15:54:40 kubernetes.go:83: Retrieved 1 Akri instances
INFO: 2025/07/06 15:54:41 kubernetes.go:83: Retrieved 1 Akri instances
INFO: 2025/07/06 16:19:05 kubernetes.go:83: Retrieved 1 Akri instances
INFO: 2025/07/06 16:19:22 kubernetes.go:83: Retrieved 1 Akri instances
INFO: 2025/07/06 16:19:22 kubernetes.go:83: Retrieved 1 Akri instances
INFO: 2025/07/06 16:19:24 kubernetes.go:83: Retrieved 1 Akri instances
INFO: 2025/07/06 16:19:24 kubernetes.go:83: Retrieved 1 Akri instances
INFO: 2025/07/06 16:19:33 kubernetes.go:83: Retrieved 1 Akri instances
INFO: 2025/07/06 16:19:33 kubernetes.go:83: Retrieved 1 Akri instances
INFO: 2025/07/06 16:20:20 kubernetes.go:83: Retrieved 1 Akri instances
INFO: 2025/07/06 16:20:20 kubernetes.go:83: Retrieved 1 Akri instances
INFO: 2025/07/06 16:50:48 main.go:66: Trying kubeconfig from KUBE_CONFIG_PATH: /etc/rancher/k3s/k3s.yaml
INFO: 2025/07/06 16:50:48 main.go:74: Loading kubeconfig from /etc/rancher/k3s/k3s.yaml
INFO: 2025/07/06 16:50:48 main.go:86: Overriding Kubernetes API server to: https://host.docker.internal:6443
INFO: 2025/07/06 16:50:48 main.go:98: Skipping TLS verification for Kubernetes API
INFO: 2025/07/06 16:50:48 main.go:108: Kubernetes client initialized successfully
INFO: 2025/07/06 16:50:48 main.go:159: Starting server on :8000
INFO: 2025/07/06 16:56:18 kubernetes.go:83: Retrieved 1 Akri instances
INFO: 2025/07/06 16:56:25 kubernetes.go:83: Retrieved 1 Akri instances
INFO: 2025/07/06 16:56:25 kubernetes.go:83: Retrieved 1 Akri instances
INFO: 2025/07/06 16:56:29 kubernetes.go:83: Retrieved 1 Akri instances
INFO: 2025/07/06 17:02:47 kubernetes.go:83: Retrieved 1 Akri instances
INFO: 2025/07/06 17:02:48 kubernetes.go:83: Retrieved 1 Akri instances
INFO: 2025/07/06 17:02:48 kubernetes.go:83: Retrieved 1 Akri instances
INFO: 2025/07/06 17:02:48 kubernetes.go:83: Retrieved 1 Akri instances
INFO: 2025/07/06 17:02:51 kubernetes.go:83: Retrieved 1 Akri instances
INFO: 2025/07/06 17:02:51 kubernetes.go:83: Retrieved 1 Akri instances
INFO: 2025/07/06 17:02:54 kubernetes.go:83: Retrieved 1 Akri instances
INFO: 2025/07/06 17:02:54 kubernetes.go:83: Retrieved 1 Akri instances
INFO: 2025/07/06 17:03:08 kubernetes.go:83: Retrieved 1 Akri instances
INFO: 2025/07/06 17:03:08 kubernetes.go:83: Retrieved 1 Akri instances
INFO: 2025/07/06 17:03:08 handlers.go:237: Error loading timezone: unknown time zone Europe/Athens
INFO: 2025/07/06 17:03:32 kubernetes.go:83: Retrieved 1 Akri instances
INFO: 2025/07/06 17:03:32 kubernetes.go:83: Retrieved 1 Akri instances
INFO: 2025/07/06 17:03:34 kubernetes.go:83: Retrieved 1 Akri instances
INFO: 2025/07/06 17:03:34 kubernetes.go:83: Retrieved 1 Akri instances
INFO: 2025/07/06 17:04:32 kubernetes.go:83: Retrieved 1 Akri instances
INFO: 2025/07/06 17:04:32 kubernetes.go:83: Retrieved 1 Akri instances
INFO: 2025/07/06 17:04:33 kubernetes.go:83: Retrieved 1 Akri instances
INFO: 2025/07/06 17:04:34 kubernetes.go:83: Retrieved 1 Akri instances
INFO: 2025/07/06 17:04:56 kubernetes.go:83: Retrieved 1 Akri instances
INFO: 2025/07/06 17:04:56 kubernetes.go:83: Retrieved 1 Akri instances
INFO: 2025/07/06 17:04:56 kubernetes.go:83: Retrieved 1 Akri instances
INFO: 2025/07/06 17:04:56 kubernetes.go:83: Retrieved 1 Akri instances
INFO: 2025/07/06 17:05:00 kubernetes.go:83: Retrieved 1 Akri instances
INFO: 2025/07/06 17:05:00 kubernetes.go:83: Retrieved 1 Akri instances
INFO: 2025/07/06 17:13:58 kubernetes.go:83: Retrieved 1 Akri instances
INFO: 2025/07/06 17:13:58 kubernetes.go:83: Retrieved 1 Akri instances
INFO: 2025/07/06 17:32:00 main.go:66: Trying kubeconfig from KUBE_CONFIG_PATH: /etc/rancher/k3s/k3s.yaml
INFO: 2025/07/06 17:32:00 main.go:74: Loading kubeconfig from /etc/rancher/k3s/k3s.yaml
INFO: 2025/07/06 17:32:00 main.go:86: Overriding Kubernetes API server to: https://host.docker.internal:6443
INFO: 2025/07/06 17:32:00 main.go:98: Skipping TLS verification for Kubernetes API
INFO: 2025/07/06 17:32:00 main.go:108: Kubernetes client initialized successfully
INFO: 2025/07/06 17:32:00 main.go:159: Starting server on :8000
INFO: 2025/07/06 17:32:37 kubernetes.go:83: Retrieved 1 Akri instances
INFO: 2025/07/06 17:32:38 kubernetes.go:83: Retrieved 1 Akri instances
INFO: 2025/07/06 17:32:38 kubernetes.go:83: Retrieved 1 Akri instances
INFO: 2025/07/06 17:32:38 kubernetes.go:83: Retrieved 1 Akri instances
INFO: 2025/07/06 17:32:45 kubernetes.go:83: Retrieved 1 Akri instances
INFO: 2025/07/06 17:32:45 kubernetes.go:83: Retrieved 1 Akri instances
INFO: 2025/07/06 17:32:45 kubernetes.go:83: Retrieved 1 Akri instances
INFO: 2025/07/06 17:32:45 kubernetes.go:83: Retrieved 1 Akri instances
INFO: 2025/07/06 19:08:37 kubernetes.go:83: Retrieved 1 Akri instances
INFO: 2025/07/06 19:08:37 kubernetes.go:83: Retrieved 1 Akri instances
INFO: 2025/07/06 19:14:23 main.go:66: Trying kubeconfig from KUBE_CONFIG_PATH: /etc/rancher/k3s/k3s.yaml
INFO: 2025/07/06 19:14:23 main.go:74: Loading kubeconfig from /etc/rancher/k3s/k3s.yaml
INFO: 2025/07/06 19:14:23 main.go:86: Overriding Kubernetes API server to: https://host.docker.internal:6443
INFO: 2025/07/06 19:14:23 main.go:98: Skipping TLS verification for Kubernetes API
INFO: 2025/07/06 19:14:23 main.go:108: Kubernetes client initialized successfully
INFO: 2025/07/06 19:14:23 main.go:159: Starting server on :8000
INFO: 2025/07/06 19:14:54 kubernetes.go:83: Retrieved 1 Akri instances
INFO: 2025/07/06 19:14:54 handlers.go:139: Retrieved 1 Akri instances
INFO: 2025/07/06 19:14:54 kubernetes.go:83: Retrieved 1 Akri instances
INFO: 2025/07/06 19:14:54 handlers.go:139: Retrieved 1 Akri instances
INFO: 2025/07/06 19:15:09 kubernetes.go:83: Retrieved 1 Akri instances
INFO: 2025/07/06 19:15:09 handlers.go:139: Retrieved 1 Akri instances
INFO: 2025/07/06 19:15:09 kubernetes.go:83: Retrieved 1 Akri instances
INFO: 2025/07/06 19:15:09 handlers.go:139: Retrieved 1 Akri instances
INFO: 2025/07/06 19:15:09 kubernetes.go:83: Retrieved 1 Akri instances
INFO: 2025/07/06 19:15:09 handlers.go:139: Retrieved 1 Akri instances
INFO: 2025/07/06 19:15:09 kubernetes.go:83: Retrieved 1 Akri instances
INFO: 2025/07/06 19:15:09 handlers.go:139: Retrieved 1 Akri instances
INFO: 2025/07/06 19:15:12 kubernetes.go:83: Retrieved 1 Akri instances
INFO: 2025/07/06 19:15:12 handlers.go:139: Retrieved 1 Akri instances
INFO: 2025/07/06 19:15:12 kubernetes.go:83: Retrieved 1 Akri instances
INFO: 2025/07/06 19:15:12 handlers.go:139: Retrieved 1 Akri instances
INFO: 2025/07/06 19:15:12 kubernetes.go:83: Retrieved 1 Akri instances
INFO: 2025/07/06 19:15:12 handlers.go:139: Retrieved 1 Akri instances
INFO: 2025/07/06 19:15:13 kubernetes.go:83: Retrieved 1 Akri instances
INFO: 2025/07/06 19:15:13 handlers.go:139: Retrieved 1 Akri instances
INFO: 2025/07/06 19:15:14 kubernetes.go:83: Retrieved 1 Akri instances
INFO: 2025/07/06 19:15:14 handlers.go:139: Retrieved 1 Akri instances
INFO: 2025/07/06 19:15:14 kubernetes.go:83: Retrieved 1 Akri instances
INFO: 2025/07/06 19:15:14 handlers.go:139: Retrieved 1 Akri instances
INFO: 2025/07/06 19:15:14 kubernetes.go:83: Retrieved 1 Akri instances
INFO: 2025/07/06 19:15:14 handlers.go:139: Retrieved 1 Akri instances
INFO: 2025/07/06 19:15:14 kubernetes.go:83: Retrieved 1 Akri instances
INFO: 2025/07/06 19:15:14 handlers.go:139: Retrieved 1 Akri instances
INFO: 2025/07/06 19:15:20 kubernetes.go:83: Retrieved 1 Akri instances
INFO: 2025/07/06 19:15:20 handlers.go:139: Retrieved 1 Akri instances
INFO: 2025/07/06 19:15:20 kubernetes.go:83: Retrieved 1 Akri instances
INFO: 2025/07/06 19:15:20 handlers.go:139: Retrieved 1 Akri instances
INFO: 2025/07/06 19:16:56 kubernetes.go:83: Retrieved 1 Akri instances
INFO: 2025/07/06 19:16:56 handlers.go:139: Retrieved 1 Akri instances
INFO: 2025/07/06 19:16:56 kubernetes.go:83: Retrieved 1 Akri instances
INFO: 2025/07/06 19:16:56 handlers.go:139: Retrieved 1 Akri instances
INFO: 2025/07/06 19:16:57 handlers.go:259: Retrieved 305 lines from log file
INFO: 2025/07/06 19:16:57 handlers.go:270: Error loading timezone: unknown time zone Europe/Athens
INFO: 2025/07/06 19:16:57 handlers.go:281: Retrieved 16 Redis logs
INFO: 2025/07/06 19:19:25 kubernetes.go:83: Retrieved 1 Akri instances
INFO: 2025/07/06 19:19:25 handlers.go:139: Retrieved 1 Akri instances
INFO: 2025/07/06 19:19:25 kubernetes.go:83: Retrieved 1 Akri instances
INFO: 2025/07/06 19:19:25 handlers.go:139: Retrieved 1 Akri instances
INFO: 2025/07/06 19:19:25 kubernetes.go:83: Retrieved 1 Akri instances
INFO: 2025/07/06 19:19:25 handlers.go:139: Retrieved 1 Akri instances
INFO: 2025/07/06 19:19:25 kubernetes.go:83: Retrieved 1 Akri instances
INFO: 2025/07/06 19:19:25 handlers.go:139: Retrieved 1 Akri instances
INFO: 2025/07/06 19:19:26 kubernetes.go:83: Retrieved 1 Akri instances
INFO: 2025/07/06 19:19:26 handlers.go:139: Retrieved 1 Akri instances
INFO: 2025/07/06 19:19:26 kubernetes.go:83: Retrieved 1 Akri instances
INFO: 2025/07/06 19:19:26 handlers.go:139: Retrieved 1 Akri instances
INFO: 2025/07/06 19:45:44 main.go:66: Trying kubeconfig from KUBE_CONFIG_PATH: /etc/rancher/k3s/k3s.yaml
INFO: 2025/07/06 19:45:44 main.go:74: Loading kubeconfig from /etc/rancher/k3s/k3s.yaml
INFO: 2025/07/06 19:45:44 main.go:86: Overriding Kubernetes API server to: https://host.docker.internal:6443
INFO: 2025/07/06 19:45:44 main.go:98: Skipping TLS verification for Kubernetes API
INFO: 2025/07/06 19:45:44 main.go:108: Kubernetes client initialized successfully
INFO: 2025/07/06 19:45:44 main.go:159: Starting server on :8000
INFO: 2025/07/06 19:48:01 main.go:66: Trying kubeconfig from KUBE_CONFIG_PATH: /etc/rancher/k3s/k3s.yaml
INFO: 2025/07/06 19:48:01 main.go:74: Loading kubeconfig from /etc/rancher/k3s/k3s.yaml
INFO: 2025/07/06 19:48:01 main.go:86: Overriding Kubernetes API server to: https://host.docker.internal:6443
INFO: 2025/07/06 19:48:01 main.go:98: Skipping TLS verification for Kubernetes API
INFO: 2025/07/06 19:48:01 main.go:108: Kubernetes client initialized successfully
INFO: 2025/07/06 19:48:01 main.go:159: Starting server on :8000
INFO: 2025/07/06 20:17:18 main.go:66: Trying kubeconfig from KUBE_CONFIG_PATH: /etc/rancher/k3s/k3s.yaml
INFO: 2025/07/06 20:17:18 main.go:74: Loading kubeconfig from /etc/rancher/k3s/k3s.yaml
INFO: 2025/07/06 20:17:18 main.go:86: Overriding Kubernetes API server to: https://host.docker.internal:6443
INFO: 2025/07/06 20:17:18 main.go:98: Skipping TLS verification for Kubernetes API
INFO: 2025/07/06 20:17:18 main.go:108: Kubernetes client initialized successfully
INFO: 2025/07/06 20:17:18 main.go:159: Starting server on :8000
INFO: 2025/07/06 20:18:14 kubernetes.go:83: Retrieved 1 Akri instances
INFO: 2025/07/06 20:18:14 handlers.go:147: Retrieved 1 Akri instances
INFO: 2025/07/06 20:18:14 kubernetes.go:83: Retrieved 1 Akri instances
INFO: 2025/07/06 20:18:14 handlers.go:147: Retrieved 1 Akri instances
INFO: 2025/07/06 20:18:18 kubernetes.go:83: Retrieved 1 Akri instances
INFO: 2025/07/06 20:18:18 handlers.go:147: Retrieved 1 Akri instances
INFO: 2025/07/06 20:18:18 kubernetes.go:83: Retrieved 1 Akri instances
INFO: 2025/07/06 20:18:18 handlers.go:147: Retrieved 1 Akri instances
INFO: 2025/07/06 20:18:18 kubernetes.go:83: Retrieved 1 Akri instances
INFO: 2025/07/06 20:18:18 handlers.go:147: Retrieved 1 Akri instances
INFO: 2025/07/06 20:18:19 kubernetes.go:83: Retrieved 1 Akri instances
INFO: 2025/07/06 20:18:19 handlers.go:147: Retrieved 1 Akri instances
INFO: 2025/07/06 20:18:19 kubernetes.go:83: Retrieved 1 Akri instances
INFO: 2025/07/06 20:18:19 handlers.go:147: Retrieved 1 Akri instances
INFO: 2025/07/06 20:18:19 kubernetes.go:83: Retrieved 1 Akri instances
INFO: 2025/07/06 20:18:19 handlers.go:147: Retrieved 1 Akri instances
INFO: 2025/07/06 20:18:21 kubernetes.go:83: Retrieved 1 Akri instances
INFO: 2025/07/06 20:18:21 handlers.go:147: Retrieved 1 Akri instances
INFO: 2025/07/06 20:18:21 kubernetes.go:83: Retrieved 1 Akri instances
INFO: 2025/07/06 20:18:21 handlers.go:147: Retrieved 1 Akri instances
INFO: 2025/07/06 20:18:21 kubernetes.go:83: Retrieved 1 Akri instances
INFO: 2025/07/06 20:18:21 handlers.go:147: Retrieved 1 Akri instances
INFO: 2025/07/06 20:18:22 kubernetes.go:83: Retrieved 1 Akri instances
INFO: 2025/07/06 20:18:22 handlers.go:147: Retrieved 1 Akri instances
INFO: 2025/07/06 20:18:22 kubernetes.go:83: Retrieved 1 Akri instances
INFO: 2025/07/06 20:18:22 handlers.go:147: Retrieved 1 Akri instances
INFO: 2025/07/06 20:18:22 kubernetes.go:83: Retrieved 1 Akri instances
INFO: 2025/07/06 20:18:22 handlers.go:147: Retrieved 1 Akri instances
INFO: 2025/07/06 20:18:22 kubernetes.go:83: Retrieved 1 Akri instances
INFO: 2025/07/06 20:18:22 handlers.go:147: Retrieved 1 Akri instances
INFO: 2025/07/06 20:18:23 kubernetes.go:83: Retrieved 1 Akri instances
INFO: 2025/07/06 20:18:23 handlers.go:147: Retrieved 1 Akri instances
INFO: 2025/07/06 20:18:23 kubernetes.go:83: Retrieved 1 Akri instances
INFO: 2025/07/06 20:18:23 handlers.go:147: Retrieved 1 Akri instances
INFO: 2025/07/06 20:18:23 kubernetes.go:83: Retrieved 1 Akri instances
INFO: 2025/07/06 20:18:23 handlers.go:147: Retrieved 1 Akri instances
INFO: 2025/07/06 20:18:23 kubernetes.go:83: Retrieved 1 Akri instances
INFO: 2025/07/06 20:18:23 handlers.go:147: Retrieved 1 Akri instances
INFO: 2025/07/06 20:18:23 kubernetes.go:83: Retrieved 1 Akri instances
INFO: 2025/07/06 20:18:23 handlers.go:147: Retrieved 1 Akri instances
INFO: 2025/07/06 20:18:24 kubernetes.go:83: Retrieved 1 Akri instances
INFO: 2025/07/06 20:18:24 handlers.go:147: Retrieved 1 Akri instances
INFO: 2025/07/06 20:18:24 kubernetes.go:83: Retrieved 1 Akri instances
INFO: 2025/07/06 20:18:24 handlers.go:147: Retrieved 1 Akri instances
INFO: 2025/07/06 20:18:24 kubernetes.go:83: Retrieved 1 Akri instances
INFO: 2025/07/06 20:18:24 handlers.go:147: Retrieved 1 Akri instances
INFO: 2025/07/06 20:18:25 kubernetes.go:83: Retrieved 1 Akri instances
INFO: 2025/07/06 20:18:25 handlers.go:147: Retrieved 1 Akri instances
INFO: 2025/07/06 20:18:25 kubernetes.go:83: Retrieved 1 Akri instances
INFO: 2025/07/06 20:18:25 handlers.go:147: Retrieved 1 Akri instances
INFO: 2025/07/06 20:18:25 kubernetes.go:83: Retrieved 1 Akri instances
INFO: 2025/07/06 20:18:25 handlers.go:147: Retrieved 1 Akri instances
INFO: 2025/07/06 20:18:25 kubernetes.go:83: Retrieved 1 Akri instances
INFO: 2025/07/06 20:18:25 handlers.go:147: Retrieved 1 Akri instances
INFO: 2025/07/06 20:18:25 kubernetes.go:83: Retrieved 1 Akri instances
INFO: 2025/07/06 20:18:25 handlers.go:147: Retrieved 1 Akri instances
INFO: 2025/07/06 20:18:25 kubernetes.go:83: Retrieved 1 Akri instances
INFO: 2025/07/06 20:18:25 handlers.go:147: Retrieved 1 Akri instances
INFO: 2025/07/06 20:18:27 kubernetes.go:83: Retrieved 1 Akri instances
INFO: 2025/07/06 20:18:27 handlers.go:147: Retrieved 1 Akri instances
INFO: 2025/07/06 20:18:29 handlers.go:278: Error loading timezone: unknown time zone Europe/Athens
INFO: 2025/07/06 20:18:29 handlers.go:289: Retrieved 16 Redis logs
INFO: 2025/07/06 20:18:29 handlers.go:267: Retrieved 400 lines from log file
INFO: 2025/07/06 20:18:29 kubernetes.go:83: Retrieved 1 Akri instances
INFO: 2025/07/06 20:18:29 handlers.go:147: Retrieved 1 Akri instances
INFO: 2025/07/06 20:18:31 kubernetes.go:83: Retrieved 1 Akri instances
INFO: 2025/07/06 20:18:31 handlers.go:147: Retrieved 1 Akri instances
INFO: 2025/07/06 21:08:58 kubernetes.go:83: Retrieved 1 Akri instances
INFO: 2025/07/06 21:08:58 handlers.go:147: Retrieved 1 Akri instances
INFO: 2025/07/06 21:08:58 kubernetes.go:83: Retrieved 1 Akri instances
INFO: 2025/07/06 21:08:58 handlers.go:147: Retrieved 1 Akri instances
INFO: 2025/07/06 21:09:13 handlers.go:278: Error loading timezone: unknown time zone Europe/Athens
INFO: 2025/07/06 21:09:13 handlers.go:289: Retrieved 16 Redis logs
INFO: 2025/07/06 21:09:13 handlers.go:267: Retrieved 411 lines from log file
INFO: 2025/07/06 21:09:13 kubernetes.go:83: Retrieved 1 Akri instances
INFO: 2025/07/06 21:09:13 handlers.go:147: Retrieved 1 Akri instances
INFO: 2025/07/06 21:09:16 kubernetes.go:83: Retrieved 1 Akri instances
INFO: 2025/07/06 21:09:16 handlers.go:147: Retrieved 1 Akri instances
INFO: 2025/07/06 21:58:28 main.go:66: Trying kubeconfig from KUBE_CONFIG_PATH: /etc/rancher/k3s/k3s.yaml
INFO: 2025/07/06 21:58:28 main.go:74: Loading kubeconfig from /etc/rancher/k3s/k3s.yaml
INFO: 2025/07/06 21:58:28 main.go:86: Overriding Kubernetes API server to: https://host.docker.internal:6443
INFO: 2025/07/06 21:58:28 main.go:98: Skipping TLS verification for Kubernetes API
INFO: 2025/07/06 21:58:28 main.go:108: Kubernetes client initialized successfully
INFO: 2025/07/06 21:58:28 main.go:159: Starting server on :8000
INFO: 2025/07/06 22:19:51 main.go:66: Trying kubeconfig from KUBE_CONFIG_PATH: /etc/rancher/k3s/k3s.yaml
INFO: 2025/07/06 22:19:51 main.go:74: Loading kubeconfig from /etc/rancher/k3s/k3s.yaml
INFO: 2025/07/06 22:19:51 main.go:86: Overriding Kubernetes API server to: https://host.docker.internal:6443
INFO: 2025/07/06 22:19:51 main.go:98: Skipping TLS verification for Kubernetes API
INFO: 2025/07/06 22:19:51 main.go:108: Kubernetes client initialized successfully
INFO: 2025/07/06 22:19:51 main.go:159: Starting server on :8000
INFO: 2025/07/06 22:28:39 main.go:66: Trying kubeconfig from KUBE_CONFIG_PATH: /etc/rancher/k3s/k3s.yaml
INFO: 2025/07/06 22:28:39 main.go:74: Loading kubeconfig from /etc/rancher/k3s/k3s.yaml
INFO: 2025/07/06 22:28:39 main.go:86: Overriding Kubernetes API server to: https://host.docker.internal:6443
INFO: 2025/07/06 22:28:39 main.go:98: Skipping TLS verification for Kubernetes API
INFO: 2025/07/06 22:28:39 main.go:108: Kubernetes client initialized successfully
INFO: 2025/07/06 22:28:39 main.go:159: Starting server on :8000
INFO: 2025/07/07 11:14:39 main.go:66: Trying kubeconfig from KUBE_CONFIG_PATH: /etc/rancher/k3s/k3s.yaml
INFO: 2025/07/07 11:14:39 main.go:74: Loading kubeconfig from /etc/rancher/k3s/k3s.yaml
INFO: 2025/07/07 11:14:39 main.go:86: Overriding Kubernetes API server to: https://host.docker.internal:6443
INFO: 2025/07/07 11:14:39 main.go:98: Skipping TLS verification for Kubernetes API
INFO: 2025/07/07 11:14:39 main.go:108: Kubernetes client initialized successfully
INFO: 2025/07/07 11:14:39 main.go:159: Starting server on :8000
INFO: 2025/07/07 11:29:28 main.go:66: Trying kubeconfig from KUBE_CONFIG_PATH: /etc/rancher/k3s/k3s.yaml
INFO: 2025/07/07 11:29:28 main.go:74: Loading kubeconfig from /etc/rancher/k3s/k3s.yaml
INFO: 2025/07/07 11:29:28 main.go:86: Overriding Kubernetes API server to: https://host.docker.internal:6443
INFO: 2025/07/07 11:29:28 main.go:98: Skipping TLS verification for Kubernetes API
INFO: 2025/07/07 11:29:28 main.go:108: Kubernetes client initialized successfully
INFO: 2025/07/07 11:29:28 main.go:159: Starting server on :8000
INFO: 2025/07/07 11:58:57 main.go:66: Trying kubeconfig from KUBE_CONFIG_PATH: /etc/rancher/k3s/k3s.yaml
INFO: 2025/07/07 11:58:57 main.go:74: Loading kubeconfig from /etc/rancher/k3s/k3s.yaml
INFO: 2025/07/07 11:58:57 main.go:86: Overriding Kubernetes API server to: https://host.docker.internal:6443
INFO: 2025/07/07 11:58:57 main.go:98: Skipping TLS verification for Kubernetes API
INFO: 2025/07/07 11:58:57 main.go:108: Kubernetes client initialized successfully
INFO: 2025/07/07 11:58:57 main.go:159: Starting server on :8000
INFO: 2025/07/07 12:21:26 main.go:66: Trying kubeconfig from KUBE_CONFIG_PATH: /etc/rancher/k3s/k3s.yaml
INFO: 2025/07/07 12:21:26 main.go:74: Loading kubeconfig from /etc/rancher/k3s/k3s.yaml
INFO: 2025/07/07 12:21:26 main.go:86: Overriding Kubernetes API server to: https://host.docker.internal:6443
INFO: 2025/07/07 12:21:26 main.go:98: Skipping TLS verification for Kubernetes API
INFO: 2025/07/07 12:21:26 main.go:108: Kubernetes client initialized successfully
INFO: 2025/07/07 12:21:26 main.go:159: Starting server on :8000
INFO: 2025/07/07 12:45:30 main.go:66: Trying kubeconfig from KUBE_CONFIG_PATH: /etc/rancher/k3s/k3s.yaml
INFO: 2025/07/07 12:45:30 main.go:74: Loading kubeconfig from /etc/rancher/k3s/k3s.yaml
INFO: 2025/07/07 12:45:30 main.go:86: Overriding Kubernetes API server to: https://host.docker.internal:6443
INFO: 2025/07/07 12:45:30 main.go:98: Skipping TLS verification for Kubernetes API
INFO: 2025/07/07 12:45:30 main.go:108: Kubernetes client initialized successfully
INFO: 2025/07/07 12:45:30 main.go:159: Starting server on :8000
INFO: 2025/07/07 13:10:08 main.go:66: Trying kubeconfig from KUBE_CONFIG_PATH: /etc/rancher/k3s/k3s.yaml
INFO: 2025/07/07 13:10:08 main.go:74: Loading kubeconfig from /etc/rancher/k3s/k3s.yaml
INFO: 2025/07/07 13:10:08 main.go:86: Overriding Kubernetes API server to: https://host.docker.internal:6443
INFO: 2025/07/07 13:10:08 main.go:98: Skipping TLS verification for Kubernetes API
INFO: 2025/07/07 13:10:08 main.go:108: Kubernetes client initialized successfully
INFO: 2025/07/07 13:10:08 main.go:159: Starting server on :8000
INFO: 2025/07/07 13:15:19 kubernetes.go:83: Retrieved 1 Akri instances
INFO: 2025/07/07 13:15:19 handlers.go:147: Retrieved 1 Akri instances
INFO: 2025/07/07 13:15:19 kubernetes.go:83: Retrieved 1 Akri instances
INFO: 2025/07/07 13:15:19 handlers.go:147: Retrieved 1 Akri instances
INFO: 2025/07/07 13:27:42 main.go:66: Trying kubeconfig from KUBE_CONFIG_PATH: /etc/rancher/k3s/k3s.yaml
INFO: 2025/07/07 13:27:42 main.go:74: Loading kubeconfig from /etc/rancher/k3s/k3s.yaml
INFO: 2025/07/07 13:27:42 main.go:86: Overriding Kubernetes API server to: https://host.docker.internal:6443
INFO: 2025/07/07 13:27:42 main.go:98: Skipping TLS verification for Kubernetes API
INFO: 2025/07/07 13:27:42 main.go:108: Kubernetes client initialized successfully
INFO: 2025/07/07 13:27:42 main.go:159: Starting server on :8000
INFO: 2025/07/07 13:39:20 main.go:66: Trying kubeconfig from KUBE_CONFIG_PATH: /etc/rancher/k3s/k3s.yaml
INFO: 2025/07/07 13:39:20 main.go:74: Loading kubeconfig from /etc/rancher/k3s/k3s.yaml
INFO: 2025/07/07 13:39:20 main.go:86: Overriding Kubernetes API server to: https://host.docker.internal:6443
INFO: 2025/07/07 13:39:20 main.go:98: Skipping TLS verification for Kubernetes API
INFO: 2025/07/07 13:39:20 main.go:108: Kubernetes client initialized successfully
INFO: 2025/07/07 13:39:20 main.go:159: Starting server on :8000
INFO: 2025/07/07 13:40:44 kubernetes.go:83: Retrieved 1 Akri instances
INFO: 2025/07/07 13:40:44 handlers.go:147: Retrieved 1 Akri instances
INFO: 2025/07/07 13:40:44 kubernetes.go:83: Retrieved 1 Akri instances
INFO: 2025/07/07 13:40:44 handlers.go:147: Retrieved 1 Akri instances
INFO: 2025/07/07 13:41:44 kubernetes.go:83: Retrieved 1 Akri instances
INFO: 2025/07/07 13:41:44 handlers.go:147: Retrieved 1 Akri instances
INFO: 2025/07/07 13:41:46 handlers.go:278: Error loading timezone: unknown time zone Europe/Athens
INFO: 2025/07/07 13:41:46 handlers.go:289: Retrieved 16 Redis logs
INFO: 2025/07/07 13:41:46 handlers.go:267: Retrieved 494 lines from log file
INFO: 2025/07/07 13:41:46 kubernetes.go:83: Retrieved 1 Akri instances
INFO: 2025/07/07 13:41:46 handlers.go:147: Retrieved 1 Akri instances
INFO: 2025/07/07 13:41:46 handlers.go:278: Error loading timezone: unknown time zone Europe/Athens
INFO: 2025/07/07 13:41:46 handlers.go:289: Retrieved 16 Redis logs
INFO: 2025/07/07 13:41:46 handlers.go:267: Retrieved 499 lines from log file
INFO: 2025/07/07 13:41:55 kubernetes.go:83: Retrieved 1 Akri instances
INFO: 2025/07/07 13:41:55 handlers.go:147: Retrieved 1 Akri instances
INFO: 2025/07/07 13:55:07 main.go:66: Trying kubeconfig from KUBE_CONFIG_PATH: /etc/rancher/k3s/k3s.yaml
INFO: 2025/07/07 13:55:07 main.go:74: Loading kubeconfig from /etc/rancher/k3s/k3s.yaml
INFO: 2025/07/07 13:55:07 main.go:86: Overriding Kubernetes API server to: https://host.docker.internal:6443
INFO: 2025/07/07 13:55:07 main.go:98: Skipping TLS verification for Kubernetes API
INFO: 2025/07/07 13:55:07 main.go:108: Kubernetes client initialized successfully
INFO: 2025/07/07 13:55:07 main.go:159: Starting server on :8000
INFO: 2025/07/07 13:55:27 kubernetes.go:83: Retrieved 1 Akri instances
INFO: 2025/07/07 13:55:27 handlers.go:147: Retrieved 1 Akri instances
INFO: 2025/07/07 13:55:28 kubernetes.go:83: Retrieved 1 Akri instances
INFO: 2025/07/07 13:55:28 handlers.go:147: Retrieved 1 Akri instances
INFO: 2025/07/07 13:55:31 kubernetes.go:83: Retrieved 1 Akri instances
INFO: 2025/07/07 13:55:31 handlers.go:147: Retrieved 1 Akri instances
INFO: 2025/07/07 14:10:16 main.go:66: Trying kubeconfig from KUBE_CONFIG_PATH: /etc/rancher/k3s/k3s.yaml
INFO: 2025/07/07 14:10:16 main.go:74: Loading kubeconfig from /etc/rancher/k3s/k3s.yaml
INFO: 2025/07/07 14:10:16 main.go:86: Overriding Kubernetes API server to: https://host.docker.internal:6443
INFO: 2025/07/07 14:10:16 main.go:98: Skipping TLS verification for Kubernetes API
INFO: 2025/07/07 14:10:16 main.go:108: Kubernetes client initialized successfully
INFO: 2025/07/07 14:10:16 main.go:159: Starting server on :8000
INFO: 2025/07/07 14:13:34 main.go:66: Trying kubeconfig from KUBE_CONFIG_PATH: /etc/rancher/k3s/k3s.yaml
INFO: 2025/07/07 14:13:34 main.go:74: Loading kubeconfig from /etc/rancher/k3s/k3s.yaml
INFO: 2025/07/07 14:13:34 main.go:86: Overriding Kubernetes API server to: https://host.docker.internal:6443
INFO: 2025/07/07 14:13:34 main.go:98: Skipping TLS verification for Kubernetes API
INFO: 2025/07/07 14:13:34 main.go:108: Kubernetes client initialized successfully
INFO: 2025/07/07 14:13:34 main.go:159: Starting server on :8000
INFO: 2025/07/07 14:20:57 main.go:66: Trying kubeconfig from KUBE_CONFIG_PATH: /etc/rancher/k3s/k3s.yaml
INFO: 2025/07/07 14:20:57 main.go:74: Loading kubeconfig from /etc/rancher/k3s/k3s.yaml
INFO: 2025/07/07 14:20:57 main.go:86: Overriding Kubernetes API server to: https://host.docker.internal:6443
INFO: 2025/07/07 14:20:57 main.go:98: Skipping TLS verification for Kubernetes API
INFO: 2025/07/07 14:20:57 main.go:108: Kubernetes client initialized successfully
INFO: 2025/07/07 14:20:57 main.go:159: Starting server on :8000
INFO: 2025/07/07 14:22:48 main.go:66: Trying kubeconfig from KUBE_CONFIG_PATH: /etc/rancher/k3s/k3s.yaml
INFO: 2025/07/07 14:22:48 main.go:74: Loading kubeconfig from /etc/rancher/k3s/k3s.yaml
INFO: 2025/07/07 14:22:48 main.go:86: Overriding Kubernetes API server to: https://host.docker.internal:6443
INFO: 2025/07/07 14:22:48 main.go:98: Skipping TLS verification for Kubernetes API
INFO: 2025/07/07 14:22:48 main.go:108: Kubernetes client initialized successfully
INFO: 2025/07/07 14:22:48 main.go:159: Starting server on :8000
INFO: 2025/07/07 14:25:29 kubernetes.go:83: Retrieved 1 Akri instances
INFO: 2025/07/07 14:25:29 handlers.go:147: Retrieved 1 Akri instances
INFO: 2025/07/07 14:25:29 kubernetes.go:83: Retrieved 1 Akri instances
INFO: 2025/07/07 14:25:29 handlers.go:147: Retrieved 1 Akri instances
INFO: 2025/07/07 14:25:43 kubernetes.go:83: Retrieved 1 Akri instances
INFO: 2025/07/07 14:25:43 handlers.go:147: Retrieved 1 Akri instances
INFO: 2025/07/07 14:25:44 kubernetes.go:83: Retrieved 1 Akri instances
INFO: 2025/07/07 14:25:44 handlers.go:147: Retrieved 1 Akri instances
INFO: 2025/07/07 14:25:46 kubernetes.go:83: Retrieved 1 Akri instances
INFO: 2025/07/07 14:25:46 handlers.go:147: Retrieved 1 Akri instances
INFO: 2025/07/07 14:25:47 kubernetes.go:83: Retrieved 1 Akri instances
INFO: 2025/07/07 14:25:47 handlers.go:147: Retrieved 1 Akri instances
INFO: 2025/07/07 14:25:47 handlers.go:278: Error loading timezone: unknown time zone Europe/Athens
INFO: 2025/07/07 14:25:47 handlers.go:289: Retrieved 16 Redis logs
INFO: 2025/07/07 14:25:47 handlers.go:267: Retrieved 552 lines from log file
INFO: 2025/07/07 14:25:47 kubernetes.go:83: Retrieved 1 Akri instances
INFO: 2025/07/07 14:25:47 handlers.go:147: Retrieved 1 Akri instances
INFO: 2025/07/07 14:25:47 handlers.go:278: Error loading timezone: unknown time zone Europe/Athens
INFO: 2025/07/07 14:25:47 handlers.go:289: Retrieved 16 Redis logs
INFO: 2025/07/07 14:25:47 handlers.go:267: Retrieved 557 lines from log file
INFO: 2025/07/07 14:25:51 kubernetes.go:83: Retrieved 1 Akri instances
INFO: 2025/07/07 14:25:51 handlers.go:147: Retrieved 1 Akri instances
INFO: 2025/07/07 14:28:28 main.go:66: Trying kubeconfig from KUBE_CONFIG_PATH: /etc/rancher/k3s/k3s.yaml
INFO: 2025/07/07 14:28:28 main.go:74: Loading kubeconfig from /etc/rancher/k3s/k3s.yaml
INFO: 2025/07/07 14:28:28 main.go:86: Overriding Kubernetes API server to: https://host.docker.internal:6443
INFO: 2025/07/07 14:28:28 main.go:98: Skipping TLS verification for Kubernetes API
INFO: 2025/07/07 14:28:28 main.go:108: Kubernetes client initialized successfully
INFO: 2025/07/07 14:28:28 main.go:159: Starting server on :8000
INFO: 2025/07/07 14:28:39 kubernetes.go:83: Retrieved 1 Akri instances
INFO: 2025/07/07 14:28:39 handlers.go:147: Retrieved 1 Akri instances
INFO: 2025/07/07 14:28:41 kubernetes.go:83: Retrieved 1 Akri instances
INFO: 2025/07/07 14:28:41 handlers.go:147: Retrieved 1 Akri instances
INFO: 2025/07/07 14:28:44 kubernetes.go:83: Retrieved 1 Akri instances
INFO: 2025/07/07 14:28:44 handlers.go:147: Retrieved 1 Akri instances
INFO: 2025/07/07 14:28:45 kubernetes.go:83: Retrieved 1 Akri instances
INFO: 2025/07/07 14:28:45 handlers.go:147: Retrieved 1 Akri instances
INFO: 2025/07/07 14:29:00 kubernetes.go:83: Retrieved 1 Akri instances
INFO: 2025/07/07 14:29:00 handlers.go:147: Retrieved 1 Akri instances
INFO: 2025/07/07 14:29:00 kubernetes.go:83: Retrieved 1 Akri instances
INFO: 2025/07/07 14:29:00 handlers.go:147: Retrieved 1 Akri instances
INFO: 2025/07/07 14:29:03 kubernetes.go:83: Retrieved 1 Akri instances
INFO: 2025/07/07 14:29:03 handlers.go:147: Retrieved 1 Akri instances
INFO: 2025/07/07 14:29:03 handlers.go:267: Retrieved 580 lines from log file
INFO: 2025/07/07 14:29:03 handlers.go:278: Error loading timezone: unknown time zone Europe/Athens
INFO: 2025/07/07 14:29:03 handlers.go:289: Retrieved 16 Redis logs
INFO: 2025/07/07 14:29:03 kubernetes.go:83: Retrieved 1 Akri instances
INFO: 2025/07/07 14:29:03 handlers.go:147: Retrieved 1 Akri instances
INFO: 2025/07/07 14:29:03 handlers.go:267: Retrieved 585 lines from log file
INFO: 2025/07/07 14:29:03 handlers.go:278: Error loading timezone: unknown time zone Europe/Athens
INFO: 2025/07/07 14:29:03 handlers.go:289: Retrieved 16 Redis logs
INFO: 2025/07/07 14:29:08 kubernetes.go:83: Retrieved 1 Akri instances
INFO: 2025/07/07 14:29:08 handlers.go:147: Retrieved 1 Akri instances
INFO: 2025/07/07 14:29:08 kubernetes.go:83: Retrieved 1 Akri instances
INFO: 2025/07/07 14:29:08 handlers.go:147: Retrieved 1 Akri instances
INFO: 2025/07/07 14:29:19 kubernetes.go:83: Retrieved 1 Akri instances
INFO: 2025/07/07 14:29:19 handlers.go:147: Retrieved 1 Akri instances
INFO: 2025/07/07 14:29:20 kubernetes.go:83: Retrieved 1 Akri instances
INFO: 2025/07/07 14:29:20 handlers.go:147: Retrieved 1 Akri instances
INFO: 2025/07/08 19:33:41 main.go:66: Trying kubeconfig from KUBE_CONFIG_PATH: /etc/rancher/k3s/k3s.yaml
INFO: 2025/07/08 19:33:41 main.go:74: Loading kubeconfig from /etc/rancher/k3s/k3s.yaml
INFO: 2025/07/08 19:33:41 main.go:86: Overriding Kubernetes API server to: https://host.docker.internal:6443
INFO: 2025/07/08 19:33:41 main.go:98: Skipping TLS verification for Kubernetes API
INFO: 2025/07/08 19:33:41 main.go:108: Kubernetes client initialized successfully
INFO: 2025/07/08 19:33:41 main.go:159: Starting server on :8000
INFO: 2025/07/08 19:56:03 main.go:66: Trying kubeconfig from KUBE_CONFIG_PATH: /etc/rancher/k3s/k3s.yaml
INFO: 2025/07/08 19:56:03 main.go:74: Loading kubeconfig from /etc/rancher/k3s/k3s.yaml
INFO: 2025/07/08 19:56:03 main.go:86: Overriding Kubernetes API server to: https://host.docker.internal:6443
INFO: 2025/07/08 19:56:03 main.go:98: Skipping TLS verification for Kubernetes API
INFO: 2025/07/08 19:56:03 main.go:108: Kubernetes client initialized successfully
INFO: 2025/07/08 19:56:03 main.go:159: Starting server on :8000
INFO: 2025/07/08 19:58:24 main.go:66: Trying kubeconfig from KUBE_CONFIG_PATH: /etc/rancher/k3s/k3s.yaml
INFO: 2025/07/08 19:58:24 main.go:74: Loading kubeconfig from /etc/rancher/k3s/k3s.yaml
INFO: 2025/07/08 19:58:24 main.go:86: Overriding Kubernetes API server to: https://host.docker.internal:6443
INFO: 2025/07/08 19:58:24 main.go:98: Skipping TLS verification for Kubernetes API
INFO: 2025/07/08 19:58:24 main.go:108: Kubernetes client initialized successfully
INFO: 2025/07/08 19:58:24 main.go:159: Starting server on 0.0.0.0:8000
